
*** Running vivado
    with args -log design_1_core_top_0_0.vds -m64 -product Vivado -mode batch -messageDb vivado.pb -notrace -source design_1_core_top_0_0.tcl


****** Vivado v2016.4 (64-bit)
  **** SW Build 1756540 on Mon Jan 23 19:11:19 MST 2017
  **** IP Build 1755317 on Mon Jan 23 20:30:07 MST 2017
    ** Copyright 1986-2016 Xilinx, Inc. All Rights Reserved.

source design_1_core_top_0_0.tcl -notrace
Command: synth_design -top design_1_core_top_0_0 -part xcku040-ffva1156-2-e -mode out_of_context
Starting synth_design
Attempting to get a license for feature 'Synthesis' and/or device 'xcku040'
INFO: [Common 17-349] Got license for feature 'Synthesis' and/or device 'xcku040'
INFO: [Common 17-1223] The version limit for your license is '2017.03' and will expire in -250 days. A version limit expiration means that, although you may be able to continue to use the current version of tools or IP with this license, you will not be eligible for any updates or new releases.
INFO: Launching helper process for spawning children vivado processes
INFO: Helper process launched with PID 6047 
---------------------------------------------------------------------------------
Starting RTL Elaboration : Time (s): cpu = 00:00:06 ; elapsed = 00:00:06 . Memory (MB): peak = 1180.352 ; gain = 244.977 ; free physical = 6828 ; free virtual = 26901
---------------------------------------------------------------------------------
INFO: [Synth 8-638] synthesizing module 'design_1_core_top_0_0' [/home/yamaguchi/CPU-Emperor/Emperor-core/Emperor-core.srcs/sources_1/bd/design_1/ip/design_1_core_top_0_0_1/synth/design_1_core_top_0_0.v:56]
INFO: [Synth 8-638] synthesizing module 'core_top' [/home/yamaguchi/CPU-Emperor/core/src/core_top.v:1]
	Parameter s_read_wait bound to: 7'b0000001 
	Parameter s_read_wait2 bound to: 7'b0000010 
	Parameter s_read bound to: 7'b0000100 
	Parameter s_read2 bound to: 7'b0001000 
	Parameter s_read3 bound to: 7'b0010000 
	Parameter s_write_wait bound to: 7'b1000001 
	Parameter s_write_wait2 bound to: 7'b1000010 
	Parameter s_write bound to: 7'b1000100 
	Parameter s_write2 bound to: 7'b1001000 
	Parameter s_write3 bound to: 7'b1010000 
	Parameter s_write4 bound to: 7'b1100000 
	Parameter IDLE bound to: 7'b0000001 
	Parameter FETCH bound to: 7'b0000010 
	Parameter DECODE bound to: 7'b0000100 
	Parameter EXECUTE bound to: 7'b0001000 
	Parameter MEMORY bound to: 7'b0100000 
	Parameter WRITEBACK bound to: 7'b1000000 
INFO: [Synth 8-5534] Detected attribute (* mark_debug = "true" *) [/home/yamaguchi/CPU-Emperor/core/src/core_top.v:60]
INFO: [Synth 8-5534] Detected attribute (* mark_debug = "true" *) [/home/yamaguchi/CPU-Emperor/core/src/core_top.v:61]
INFO: [Synth 8-5534] Detected attribute (* mark_debug = "true" *) [/home/yamaguchi/CPU-Emperor/core/src/core_top.v:62]
INFO: [Synth 8-5534] Detected attribute (* mark_debug = "true" *) [/home/yamaguchi/CPU-Emperor/core/src/core_top.v:63]
INFO: [Synth 8-5534] Detected attribute (* mark_debug = "true" *) [/home/yamaguchi/CPU-Emperor/core/src/core_top.v:66]
INFO: [Synth 8-5534] Detected attribute (* mark_debug = "true" *) [/home/yamaguchi/CPU-Emperor/core/src/core_top.v:69]
INFO: [Synth 8-5534] Detected attribute (* mark_debug = "true" *) [/home/yamaguchi/CPU-Emperor/core/src/core_top.v:73]
INFO: [Synth 8-5534] Detected attribute (* mark_debug = "true" *) [/home/yamaguchi/CPU-Emperor/core/src/core_top.v:74]
INFO: [Synth 8-5534] Detected attribute (* mark_debug = "true" *) [/home/yamaguchi/CPU-Emperor/core/src/core_top.v:77]
INFO: [Synth 8-5534] Detected attribute (* mark_debug = "true" *) [/home/yamaguchi/CPU-Emperor/core/src/core_top.v:80]
INFO: [Synth 8-5534] Detected attribute (* mark_debug = "true" *) [/home/yamaguchi/CPU-Emperor/core/src/core_top.v:83]
INFO: [Synth 8-5534] Detected attribute (* mark_debug = "true" *) [/home/yamaguchi/CPU-Emperor/core/src/core_top.v:86]
INFO: [Synth 8-5534] Detected attribute (* mark_debug = "true" *) [/home/yamaguchi/CPU-Emperor/core/src/core_top.v:89]
INFO: [Synth 8-5534] Detected attribute (* mark_debug = "true" *) [/home/yamaguchi/CPU-Emperor/core/src/core_top.v:91]
INFO: [Synth 8-5534] Detected attribute (* mark_debug = "true" *) [/home/yamaguchi/CPU-Emperor/core/src/core_top.v:92]
INFO: [Synth 8-5534] Detected attribute (* mark_debug = "true" *) [/home/yamaguchi/CPU-Emperor/core/src/core_top.v:95]
INFO: [Synth 8-5534] Detected attribute (* mark_debug = "true" *) [/home/yamaguchi/CPU-Emperor/core/src/core_top.v:421]
INFO: [Synth 8-5534] Detected attribute (* mark_debug = "true" *) [/home/yamaguchi/CPU-Emperor/core/src/core_top.v:433]
INFO: [Synth 8-5534] Detected attribute (* mark_debug = "true" *) [/home/yamaguchi/CPU-Emperor/core/src/core_top.v:434]
INFO: [Synth 8-5534] Detected attribute (* mark_debug = "true" *) [/home/yamaguchi/CPU-Emperor/core/src/core_top.v:435]
INFO: [Synth 8-5534] Detected attribute (* mark_debug = "true" *) [/home/yamaguchi/CPU-Emperor/core/src/core_top.v:436]
INFO: [Synth 8-5534] Detected attribute (* mark_debug = "true" *) [/home/yamaguchi/CPU-Emperor/core/src/core_top.v:437]
INFO: [Synth 8-5534] Detected attribute (* mark_debug = "true" *) [/home/yamaguchi/CPU-Emperor/core/src/core_top.v:439]
INFO: [Synth 8-5534] Detected attribute (* mark_debug = "true" *) [/home/yamaguchi/CPU-Emperor/core/src/core_top.v:440]
INFO: [Synth 8-155] case statement is not full and has no default [/home/yamaguchi/CPU-Emperor/core/src/core_top.v:125]
INFO: [Synth 8-638] synthesizing module 'core_decode' [/home/yamaguchi/CPU-Emperor/core/src/core_decode.v:1]
INFO: [Synth 8-256] done synthesizing module 'core_decode' (1#1) [/home/yamaguchi/CPU-Emperor/core/src/core_decode.v:1]
INFO: [Synth 8-638] synthesizing module 'core_alu' [/home/yamaguchi/CPU-Emperor/core/src/core_alu.v:1]
INFO: [Synth 8-256] done synthesizing module 'core_alu' (2#1) [/home/yamaguchi/CPU-Emperor/core/src/core_alu.v:1]
INFO: [Synth 8-155] case statement is not full and has no default [/home/yamaguchi/CPU-Emperor/core/src/core_top.v:327]
INFO: [Synth 8-155] case statement is not full and has no default [/home/yamaguchi/CPU-Emperor/core/src/core_top.v:357]
INFO: [Synth 8-638] synthesizing module 'core_reg' [/home/yamaguchi/CPU-Emperor/core/src/core_reg.v:1]
INFO: [Synth 8-5534] Detected attribute (* mark_debug = "true" *) [/home/yamaguchi/CPU-Emperor/core/src/core_reg.v:30]
INFO: [Synth 8-5534] Detected attribute (* mark_debug = "true" *) [/home/yamaguchi/CPU-Emperor/core/src/core_reg.v:31]
INFO: [Synth 8-256] done synthesizing module 'core_reg' (3#1) [/home/yamaguchi/CPU-Emperor/core/src/core_reg.v:1]
INFO: [Synth 8-256] done synthesizing module 'core_top' (4#1) [/home/yamaguchi/CPU-Emperor/core/src/core_top.v:1]
INFO: [Synth 8-256] done synthesizing module 'design_1_core_top_0_0' (5#1) [/home/yamaguchi/CPU-Emperor/Emperor-core/Emperor-core.srcs/sources_1/bd/design_1/ip/design_1_core_top_0_0_1/synth/design_1_core_top_0_0.v:56]
WARNING: [Synth 8-3331] design core_alu has unconnected port FRS2[30]
WARNING: [Synth 8-3331] design core_alu has unconnected port FRS2[29]
WARNING: [Synth 8-3331] design core_alu has unconnected port FRS2[28]
WARNING: [Synth 8-3331] design core_alu has unconnected port FRS2[27]
WARNING: [Synth 8-3331] design core_alu has unconnected port FRS2[26]
WARNING: [Synth 8-3331] design core_alu has unconnected port FRS2[25]
WARNING: [Synth 8-3331] design core_alu has unconnected port FRS2[24]
WARNING: [Synth 8-3331] design core_alu has unconnected port FRS2[23]
WARNING: [Synth 8-3331] design core_alu has unconnected port FRS2[22]
WARNING: [Synth 8-3331] design core_alu has unconnected port FRS2[21]
WARNING: [Synth 8-3331] design core_alu has unconnected port FRS2[20]
WARNING: [Synth 8-3331] design core_alu has unconnected port FRS2[19]
WARNING: [Synth 8-3331] design core_alu has unconnected port FRS2[18]
WARNING: [Synth 8-3331] design core_alu has unconnected port FRS2[17]
WARNING: [Synth 8-3331] design core_alu has unconnected port FRS2[16]
WARNING: [Synth 8-3331] design core_alu has unconnected port FRS2[15]
WARNING: [Synth 8-3331] design core_alu has unconnected port FRS2[14]
WARNING: [Synth 8-3331] design core_alu has unconnected port FRS2[13]
WARNING: [Synth 8-3331] design core_alu has unconnected port FRS2[12]
WARNING: [Synth 8-3331] design core_alu has unconnected port FRS2[11]
WARNING: [Synth 8-3331] design core_alu has unconnected port FRS2[10]
WARNING: [Synth 8-3331] design core_alu has unconnected port FRS2[9]
WARNING: [Synth 8-3331] design core_alu has unconnected port FRS2[8]
WARNING: [Synth 8-3331] design core_alu has unconnected port FRS2[7]
WARNING: [Synth 8-3331] design core_alu has unconnected port FRS2[6]
WARNING: [Synth 8-3331] design core_alu has unconnected port FRS2[5]
WARNING: [Synth 8-3331] design core_alu has unconnected port FRS2[4]
WARNING: [Synth 8-3331] design core_alu has unconnected port FRS2[3]
WARNING: [Synth 8-3331] design core_alu has unconnected port FRS2[2]
WARNING: [Synth 8-3331] design core_alu has unconnected port FRS2[1]
WARNING: [Synth 8-3331] design core_alu has unconnected port FRS2[0]
WARNING: [Synth 8-3331] design core_top has unconnected port BRESP[1]
WARNING: [Synth 8-3331] design core_top has unconnected port BRESP[0]
WARNING: [Synth 8-3331] design core_top has unconnected port RDATA[31]
WARNING: [Synth 8-3331] design core_top has unconnected port RDATA[30]
WARNING: [Synth 8-3331] design core_top has unconnected port RDATA[29]
WARNING: [Synth 8-3331] design core_top has unconnected port RDATA[28]
WARNING: [Synth 8-3331] design core_top has unconnected port RDATA[27]
WARNING: [Synth 8-3331] design core_top has unconnected port RDATA[26]
WARNING: [Synth 8-3331] design core_top has unconnected port RDATA[25]
WARNING: [Synth 8-3331] design core_top has unconnected port RDATA[24]
WARNING: [Synth 8-3331] design core_top has unconnected port RDATA[23]
WARNING: [Synth 8-3331] design core_top has unconnected port RDATA[22]
WARNING: [Synth 8-3331] design core_top has unconnected port RDATA[21]
WARNING: [Synth 8-3331] design core_top has unconnected port RDATA[20]
WARNING: [Synth 8-3331] design core_top has unconnected port RDATA[19]
WARNING: [Synth 8-3331] design core_top has unconnected port RDATA[18]
WARNING: [Synth 8-3331] design core_top has unconnected port RDATA[17]
WARNING: [Synth 8-3331] design core_top has unconnected port RDATA[16]
WARNING: [Synth 8-3331] design core_top has unconnected port RDATA[15]
WARNING: [Synth 8-3331] design core_top has unconnected port RDATA[14]
WARNING: [Synth 8-3331] design core_top has unconnected port RDATA[13]
WARNING: [Synth 8-3331] design core_top has unconnected port RDATA[12]
WARNING: [Synth 8-3331] design core_top has unconnected port RDATA[11]
WARNING: [Synth 8-3331] design core_top has unconnected port RDATA[10]
WARNING: [Synth 8-3331] design core_top has unconnected port RDATA[9]
WARNING: [Synth 8-3331] design core_top has unconnected port RDATA[8]
WARNING: [Synth 8-3331] design core_top has unconnected port RRESP[1]
WARNING: [Synth 8-3331] design core_top has unconnected port RRESP[0]
---------------------------------------------------------------------------------
Finished RTL Elaboration : Time (s): cpu = 00:00:07 ; elapsed = 00:00:07 . Memory (MB): peak = 1229.828 ; gain = 294.453 ; free physical = 6729 ; free virtual = 26805
---------------------------------------------------------------------------------

Report Check Netlist: 
+------+------------------+-------+---------+-------+------------------+
|      |Item              |Errors |Warnings |Status |Description       |
+------+------------------+-------+---------+-------+------------------+
|1     |multi_driven_nets |      0|        0|Passed |Multi driven nets |
+------+------------------+-------+---------+-------+------------------+
---------------------------------------------------------------------------------
Finished RTL Optimization Phase 1 : Time (s): cpu = 00:00:07 ; elapsed = 00:00:07 . Memory (MB): peak = 1229.828 ; gain = 294.453 ; free physical = 6723 ; free virtual = 26799
---------------------------------------------------------------------------------
INFO: [Device 21-403] Loading part xcku040-ffva1156-2-e
INFO: [Project 1-570] Preparing netlist for logic optimization

Processing XDC Constraints
Initializing timing engine
Completed Processing XDC Constraints

INFO: [Project 1-111] Unisim Transformation Summary:
No Unisim elements were transformed.

Constraint Validation Runtime : Time (s): cpu = 00:00:00.15 ; elapsed = 00:00:00.10 . Memory (MB): peak = 1683.324 ; gain = 2.000 ; free physical = 5897 ; free virtual = 25973
---------------------------------------------------------------------------------
Finished Constraint Validation : Time (s): cpu = 00:00:15 ; elapsed = 00:00:15 . Memory (MB): peak = 1683.324 ; gain = 747.949 ; free physical = 5895 ; free virtual = 25973
---------------------------------------------------------------------------------
---------------------------------------------------------------------------------
Start Loading Part and Timing Information
---------------------------------------------------------------------------------
Loading part: xcku040-ffva1156-2-e
---------------------------------------------------------------------------------
Finished Loading Part and Timing Information : Time (s): cpu = 00:00:15 ; elapsed = 00:00:15 . Memory (MB): peak = 1683.324 ; gain = 747.949 ; free physical = 5895 ; free virtual = 25973
---------------------------------------------------------------------------------
---------------------------------------------------------------------------------
Start Applying 'set_property' XDC Constraints
---------------------------------------------------------------------------------
---------------------------------------------------------------------------------
Finished applying 'set_property' XDC Constraints : Time (s): cpu = 00:00:15 ; elapsed = 00:00:15 . Memory (MB): peak = 1683.324 ; gain = 747.949 ; free physical = 5895 ; free virtual = 25973
---------------------------------------------------------------------------------
INFO: [Synth 8-5544] ROM "RESULT19" won't be mapped to Block RAM because address size (1) smaller than threshold (5)
INFO: [Synth 8-5546] ROM "ARADDR" won't be mapped to RAM because it is too sparse
INFO: [Synth 8-5546] ROM "ARADDR" won't be mapped to RAM because it is too sparse
INFO: [Synth 8-5546] ROM "RREADY" won't be mapped to RAM because it is too sparse
INFO: [Synth 8-5546] ROM "RREADY" won't be mapped to RAM because it is too sparse
INFO: [Synth 8-5546] ROM "AWADDR" won't be mapped to RAM because it is too sparse
INFO: [Synth 8-5546] ROM "AWVALID" won't be mapped to RAM because it is too sparse
INFO: [Synth 8-5546] ROM "BREADY" won't be mapped to RAM because it is too sparse
INFO: [Synth 8-5546] ROM "ARADDR" won't be mapped to RAM because it is too sparse
INFO: [Synth 8-5546] ROM "ARADDR" won't be mapped to RAM because it is too sparse
INFO: [Synth 8-5546] ROM "RREADY" won't be mapped to RAM because it is too sparse
INFO: [Synth 8-5546] ROM "RREADY" won't be mapped to RAM because it is too sparse
INFO: [Synth 8-5546] ROM "AWADDR" won't be mapped to RAM because it is too sparse
INFO: [Synth 8-5546] ROM "AWVALID" won't be mapped to RAM because it is too sparse
INFO: [Synth 8-5546] ROM "BREADY" won't be mapped to RAM because it is too sparse
INFO: [Synth 8-5544] ROM "total_cnt" won't be mapped to Block RAM because address size (1) smaller than threshold (5)
INFO: [Synth 8-5544] ROM "read_status0" won't be mapped to Block RAM because address size (1) smaller than threshold (5)
INFO: [Synth 8-5544] ROM "read_status0" won't be mapped to Block RAM because address size (1) smaller than threshold (5)
INFO: [Synth 8-5544] ROM "read_status0" won't be mapped to Block RAM because address size (1) smaller than threshold (5)
INFO: [Synth 8-5544] ROM "read_status1" won't be mapped to Block RAM because address size (1) smaller than threshold (5)
INFO: [Synth 8-5544] ROM "write_status0" won't be mapped to Block RAM because address size (1) smaller than threshold (5)
INFO: [Synth 8-5544] ROM "write_status1" won't be mapped to Block RAM because address size (1) smaller than threshold (5)
INFO: [Synth 8-5544] ROM "write_status0" won't be mapped to Block RAM because address size (1) smaller than threshold (5)
INFO: [Synth 8-5544] ROM "write_status0" won't be mapped to Block RAM because address size (1) smaller than threshold (5)
INFO: [Synth 8-5544] ROM "ARVALID0" won't be mapped to Block RAM because address size (1) smaller than threshold (5)
INFO: [Synth 8-5544] ROM "RREADY0" won't be mapped to Block RAM because address size (1) smaller than threshold (5)
INFO: [Synth 8-5544] ROM "AWVALID0" won't be mapped to Block RAM because address size (1) smaller than threshold (5)
INFO: [Synth 8-5544] ROM "WVALID0" won't be mapped to Block RAM because address size (1) smaller than threshold (5)
INFO: [Synth 8-5544] ROM "BREADY0" won't be mapped to Block RAM because address size (1) smaller than threshold (5)
INFO: [Synth 8-5544] ROM "stole_reg2" won't be mapped to Block RAM because address size (1) smaller than threshold (5)
INFO: [Synth 8-5544] ROM "stole1" won't be mapped to Block RAM because address size (1) smaller than threshold (5)
---------------------------------------------------------------------------------
Finished RTL Optimization Phase 2 : Time (s): cpu = 00:00:16 ; elapsed = 00:00:16 . Memory (MB): peak = 1683.324 ; gain = 747.949 ; free physical = 5889 ; free virtual = 25967
---------------------------------------------------------------------------------

Report RTL Partitions: 
+-+--------------+------------+----------+
| |RTL Partition |Replication |Instances |
+-+--------------+------------+----------+
+-+--------------+------------+----------+
---------------------------------------------------------------------------------
Start RTL Component Statistics 
---------------------------------------------------------------------------------
Detailed RTL Component Info : 
+---Adders : 
	   2 Input     64 Bit       Adders := 1     
	   2 Input     32 Bit       Adders := 4     
	   3 Input     32 Bit       Adders := 1     
+---XORs : 
	   2 Input     32 Bit         XORs := 2     
	   2 Input      1 Bit         XORs := 1     
+---Registers : 
	               64 Bit    Registers := 1     
	               32 Bit    Registers := 73    
	                8 Bit    Registers := 2     
	                7 Bit    Registers := 3     
	                4 Bit    Registers := 2     
	                1 Bit    Registers := 66    
+---Muxes : 
	   2 Input     64 Bit        Muxes := 2     
	   7 Input     64 Bit        Muxes := 1     
	   2 Input     32 Bit        Muxes := 87    
	   5 Input     32 Bit        Muxes := 1     
	   6 Input      8 Bit        Muxes := 1     
	   2 Input      8 Bit        Muxes := 1     
	   2 Input      7 Bit        Muxes := 8     
	   3 Input      7 Bit        Muxes := 1     
	   7 Input      7 Bit        Muxes := 1     
	   2 Input      5 Bit        Muxes := 1     
	   2 Input      4 Bit        Muxes := 2     
	   7 Input      4 Bit        Muxes := 1     
	   3 Input      3 Bit        Muxes := 1     
	   2 Input      2 Bit        Muxes := 5     
	   3 Input      2 Bit        Muxes := 2     
	   2 Input      1 Bit        Muxes := 9     
	   7 Input      1 Bit        Muxes := 8     
	   6 Input      1 Bit        Muxes := 1     
---------------------------------------------------------------------------------
Finished RTL Component Statistics 
---------------------------------------------------------------------------------
---------------------------------------------------------------------------------
Start RTL Hierarchical Component Statistics 
---------------------------------------------------------------------------------
Hierarchical RTL Component report 
Module core_decode 
Detailed RTL Component Info : 
+---Registers : 
	               32 Bit    Registers := 1     
	                1 Bit    Registers := 56    
+---Muxes : 
	   2 Input     32 Bit        Muxes := 6     
Module core_alu 
Detailed RTL Component Info : 
+---Adders : 
	   2 Input     32 Bit       Adders := 1     
	   3 Input     32 Bit       Adders := 1     
+---XORs : 
	   2 Input     32 Bit         XORs := 2     
	   2 Input      1 Bit         XORs := 1     
+---Registers : 
	               32 Bit    Registers := 1     
+---Muxes : 
	   2 Input     32 Bit        Muxes := 17    
	   5 Input     32 Bit        Muxes := 1     
Module core_reg 
Detailed RTL Component Info : 
+---Registers : 
	               32 Bit    Registers := 67    
	                1 Bit    Registers := 3     
+---Muxes : 
	   2 Input     32 Bit        Muxes := 62    
Module core_top 
Detailed RTL Component Info : 
+---Adders : 
	   2 Input     64 Bit       Adders := 1     
	   2 Input     32 Bit       Adders := 3     
+---Registers : 
	               64 Bit    Registers := 1     
	               32 Bit    Registers := 4     
	                8 Bit    Registers := 2     
	                7 Bit    Registers := 3     
	                4 Bit    Registers := 2     
	                1 Bit    Registers := 7     
+---Muxes : 
	   2 Input     64 Bit        Muxes := 2     
	   7 Input     64 Bit        Muxes := 1     
	   2 Input     32 Bit        Muxes := 2     
	   6 Input      8 Bit        Muxes := 1     
	   2 Input      8 Bit        Muxes := 1     
	   2 Input      7 Bit        Muxes := 8     
	   3 Input      7 Bit        Muxes := 1     
	   7 Input      7 Bit        Muxes := 1     
	   2 Input      5 Bit        Muxes := 1     
	   2 Input      4 Bit        Muxes := 2     
	   7 Input      4 Bit        Muxes := 1     
	   3 Input      3 Bit        Muxes := 1     
	   2 Input      2 Bit        Muxes := 5     
	   3 Input      2 Bit        Muxes := 2     
	   2 Input      1 Bit        Muxes := 9     
	   7 Input      1 Bit        Muxes := 8     
	   6 Input      1 Bit        Muxes := 1     
---------------------------------------------------------------------------------
Finished RTL Hierarchical Component Statistics
---------------------------------------------------------------------------------
---------------------------------------------------------------------------------
Start Part Resource Summary
---------------------------------------------------------------------------------
Part Resources:
DSPs: 1920 (col length:120)
BRAMs: 1200 (col length: RAMB18 120 RAMB36 60)
---------------------------------------------------------------------------------
Finished Part Resource Summary
---------------------------------------------------------------------------------
---------------------------------------------------------------------------------
Start Cross Boundary and Area Optimization
---------------------------------------------------------------------------------
WARNING: [Synth 8-3331] design core_alu has unconnected port FRS2[30]
WARNING: [Synth 8-3331] design core_alu has unconnected port FRS2[29]
WARNING: [Synth 8-3331] design core_alu has unconnected port FRS2[28]
WARNING: [Synth 8-3331] design core_alu has unconnected port FRS2[27]
WARNING: [Synth 8-3331] design core_alu has unconnected port FRS2[26]
WARNING: [Synth 8-3331] design core_alu has unconnected port FRS2[25]
WARNING: [Synth 8-3331] design core_alu has unconnected port FRS2[24]
WARNING: [Synth 8-3331] design core_alu has unconnected port FRS2[23]
WARNING: [Synth 8-3331] design core_alu has unconnected port FRS2[22]
WARNING: [Synth 8-3331] design core_alu has unconnected port FRS2[21]
WARNING: [Synth 8-3331] design core_alu has unconnected port FRS2[20]
WARNING: [Synth 8-3331] design core_alu has unconnected port FRS2[19]
WARNING: [Synth 8-3331] design core_alu has unconnected port FRS2[18]
WARNING: [Synth 8-3331] design core_alu has unconnected port FRS2[17]
WARNING: [Synth 8-3331] design core_alu has unconnected port FRS2[16]
WARNING: [Synth 8-3331] design core_alu has unconnected port FRS2[15]
WARNING: [Synth 8-3331] design core_alu has unconnected port FRS2[14]
WARNING: [Synth 8-3331] design core_alu has unconnected port FRS2[13]
WARNING: [Synth 8-3331] design core_alu has unconnected port FRS2[12]
WARNING: [Synth 8-3331] design core_alu has unconnected port FRS2[11]
WARNING: [Synth 8-3331] design core_alu has unconnected port FRS2[10]
WARNING: [Synth 8-3331] design core_alu has unconnected port FRS2[9]
WARNING: [Synth 8-3331] design core_alu has unconnected port FRS2[8]
WARNING: [Synth 8-3331] design core_alu has unconnected port FRS2[7]
WARNING: [Synth 8-3331] design core_alu has unconnected port FRS2[6]
WARNING: [Synth 8-3331] design core_alu has unconnected port FRS2[5]
WARNING: [Synth 8-3331] design core_alu has unconnected port FRS2[4]
WARNING: [Synth 8-3331] design core_alu has unconnected port FRS2[3]
WARNING: [Synth 8-3331] design core_alu has unconnected port FRS2[2]
WARNING: [Synth 8-3331] design core_alu has unconnected port FRS2[1]
WARNING: [Synth 8-3331] design core_alu has unconnected port FRS2[0]
WARNING: [Synth 8-3331] design core_top has unconnected port BRESP[1]
WARNING: [Synth 8-3331] design core_top has unconnected port BRESP[0]
WARNING: [Synth 8-3331] design core_top has unconnected port RDATA[31]
WARNING: [Synth 8-3331] design core_top has unconnected port RDATA[30]
WARNING: [Synth 8-3331] design core_top has unconnected port RDATA[29]
WARNING: [Synth 8-3331] design core_top has unconnected port RDATA[28]
WARNING: [Synth 8-3331] design core_top has unconnected port RDATA[27]
WARNING: [Synth 8-3331] design core_top has unconnected port RDATA[26]
WARNING: [Synth 8-3331] design core_top has unconnected port RDATA[25]
WARNING: [Synth 8-3331] design core_top has unconnected port RDATA[24]
INFO: [Common 17-14] Message 'Synth 8-3331' appears 100 times and further instances of the messages will be disabled. Use the Tcl command set_msg_config to change the current settings.
INFO: [Synth 8-3886] merging instance 'inst/AWADDR_reg[0]' (FDRE) to 'inst/AWADDR_reg[3]'
INFO: [Synth 8-3886] merging instance 'inst/AWADDR_reg[1]' (FDRE) to 'inst/AWADDR_reg[3]'
INFO: [Synth 8-3333] propagating constant 0 across sequential element (inst/\AWADDR_reg[3] )
INFO: [Synth 8-3886] merging instance 'inst/ARADDR_reg[0]' (FDRE) to 'inst/ARADDR_reg[1]'
INFO: [Synth 8-3886] merging instance 'inst/ARADDR_reg[1]' (FDRE) to 'inst/ARADDR_reg[2]'
INFO: [Synth 8-3333] propagating constant 0 across sequential element (inst/\ARADDR_reg[2] )
WARNING: [Synth 8-3332] Sequential element (ARADDR_reg[2]) is unused and will be removed from module core_top.
WARNING: [Synth 8-3332] Sequential element (AWADDR_reg[3]) is unused and will be removed from module core_top.
---------------------------------------------------------------------------------
Finished Cross Boundary and Area Optimization : Time (s): cpu = 00:00:28 ; elapsed = 00:00:28 . Memory (MB): peak = 1687.320 ; gain = 751.945 ; free physical = 6611 ; free virtual = 26688
---------------------------------------------------------------------------------

Report RTL Partitions: 
+-+--------------+------------+----------+
| |RTL Partition |Replication |Instances |
+-+--------------+------------+----------+
+-+--------------+------------+----------+
---------------------------------------------------------------------------------
Start Timing Optimization
---------------------------------------------------------------------------------
---------------------------------------------------------------------------------
Start Applying XDC Timing Constraints
---------------------------------------------------------------------------------
---------------------------------------------------------------------------------
Finished Applying XDC Timing Constraints : Time (s): cpu = 00:00:35 ; elapsed = 00:00:35 . Memory (MB): peak = 1924.734 ; gain = 989.359 ; free physical = 6139 ; free virtual = 26216
---------------------------------------------------------------------------------
---------------------------------------------------------------------------------
Finished Timing Optimization : Time (s): cpu = 00:00:35 ; elapsed = 00:00:36 . Memory (MB): peak = 1927.734 ; gain = 992.359 ; free physical = 6128 ; free virtual = 26205
---------------------------------------------------------------------------------

Report RTL Partitions: 
+-+--------------+------------+----------+
| |RTL Partition |Replication |Instances |
+-+--------------+------------+----------+
+-+--------------+------------+----------+
---------------------------------------------------------------------------------
Start Technology Mapping
---------------------------------------------------------------------------------
---------------------------------------------------------------------------------
Finished Technology Mapping : Time (s): cpu = 00:00:37 ; elapsed = 00:00:37 . Memory (MB): peak = 1975.047 ; gain = 1039.672 ; free physical = 6358 ; free virtual = 26432
---------------------------------------------------------------------------------

Report RTL Partitions: 
+-+--------------+------------+----------+
| |RTL Partition |Replication |Instances |
+-+--------------+------------+----------+
+-+--------------+------------+----------+
---------------------------------------------------------------------------------
Start IO Insertion
---------------------------------------------------------------------------------
---------------------------------------------------------------------------------
Start Flattening Before IO Insertion
---------------------------------------------------------------------------------
---------------------------------------------------------------------------------
Finished Flattening Before IO Insertion
---------------------------------------------------------------------------------
---------------------------------------------------------------------------------
Start Final Netlist Cleanup
---------------------------------------------------------------------------------
---------------------------------------------------------------------------------
Finished Final Netlist Cleanup
---------------------------------------------------------------------------------
---------------------------------------------------------------------------------
Finished IO Insertion : Time (s): cpu = 00:00:37 ; elapsed = 00:00:38 . Memory (MB): peak = 1975.051 ; gain = 1039.676 ; free physical = 6357 ; free virtual = 26432
---------------------------------------------------------------------------------

Report Check Netlist: 
+------+------------------+-------+---------+-------+------------------+
|      |Item              |Errors |Warnings |Status |Description       |
+------+------------------+-------+---------+-------+------------------+
|1     |multi_driven_nets |      0|        0|Passed |Multi driven nets |
+------+------------------+-------+---------+-------+------------------+
---------------------------------------------------------------------------------
Start Renaming Generated Instances
---------------------------------------------------------------------------------
---------------------------------------------------------------------------------
Finished Renaming Generated Instances : Time (s): cpu = 00:00:37 ; elapsed = 00:00:38 . Memory (MB): peak = 1975.051 ; gain = 1039.676 ; free physical = 6357 ; free virtual = 26432
---------------------------------------------------------------------------------

Report RTL Partitions: 
+-+--------------+------------+----------+
| |RTL Partition |Replication |Instances |
+-+--------------+------------+----------+
+-+--------------+------------+----------+
---------------------------------------------------------------------------------
Start Rebuilding User Hierarchy
---------------------------------------------------------------------------------
---------------------------------------------------------------------------------
Finished Rebuilding User Hierarchy : Time (s): cpu = 00:00:37 ; elapsed = 00:00:38 . Memory (MB): peak = 1975.051 ; gain = 1039.676 ; free physical = 6357 ; free virtual = 26432
---------------------------------------------------------------------------------
---------------------------------------------------------------------------------
Start Renaming Generated Ports
---------------------------------------------------------------------------------
---------------------------------------------------------------------------------
Finished Renaming Generated Ports : Time (s): cpu = 00:00:37 ; elapsed = 00:00:38 . Memory (MB): peak = 1975.051 ; gain = 1039.676 ; free physical = 6357 ; free virtual = 26432
---------------------------------------------------------------------------------
---------------------------------------------------------------------------------
Start Handling Custom Attributes
---------------------------------------------------------------------------------
---------------------------------------------------------------------------------
Finished Handling Custom Attributes : Time (s): cpu = 00:00:37 ; elapsed = 00:00:38 . Memory (MB): peak = 1975.051 ; gain = 1039.676 ; free physical = 6357 ; free virtual = 26432
---------------------------------------------------------------------------------
---------------------------------------------------------------------------------
Start Renaming Generated Nets
---------------------------------------------------------------------------------
---------------------------------------------------------------------------------
Finished Renaming Generated Nets : Time (s): cpu = 00:00:37 ; elapsed = 00:00:38 . Memory (MB): peak = 1975.051 ; gain = 1039.676 ; free physical = 6357 ; free virtual = 26432
---------------------------------------------------------------------------------
---------------------------------------------------------------------------------
Start Writing Synthesis Report
---------------------------------------------------------------------------------

Report BlackBoxes: 
+-+--------------+----------+
| |BlackBox name |Instances |
+-+--------------+----------+
+-+--------------+----------+

Report Cell Usage: 
+------+-------+------+
|      |Cell   |Count |
+------+-------+------+
|1     |CARRY8 |    42|
|2     |LUT1   |   109|
|3     |LUT2   |   180|
|4     |LUT3   |   110|
|5     |LUT4   |  1025|
|6     |LUT5   |   524|
|7     |LUT6   |  1907|
|8     |MUXF7  |   512|
|9     |FDRE   |  2501|
|10    |FDSE   |     4|
+------+-------+------+

Report Instance Areas: 
+------+------------------+------------+------+
|      |Instance          |Module      |Cells |
+------+------------------+------------+------+
|1     |top               |            |  6914|
|2     |  inst            |core_top    |  6914|
|3     |    u_core_decode |core_decode |   212|
|4     |    u_core_alu    |core_alu    |  1078|
|5     |    u_core_reg    |core_reg    |  4897|
+------+------------------+------------+------+
---------------------------------------------------------------------------------
Finished Writing Synthesis Report : Time (s): cpu = 00:00:37 ; elapsed = 00:00:38 . Memory (MB): peak = 1975.051 ; gain = 1039.676 ; free physical = 6357 ; free virtual = 26432
---------------------------------------------------------------------------------
Synthesis finished with 0 errors, 0 critical warnings and 61 warnings.
Synthesis Optimization Runtime : Time (s): cpu = 00:00:30 ; elapsed = 00:00:30 . Memory (MB): peak = 1975.051 ; gain = 417.199 ; free physical = 6357 ; free virtual = 26432
Synthesis Optimization Complete : Time (s): cpu = 00:00:38 ; elapsed = 00:00:38 . Memory (MB): peak = 1975.055 ; gain = 1039.680 ; free physical = 6357 ; free virtual = 26432
INFO: [Project 1-571] Translating synthesized netlist
INFO: [Project 1-570] Preparing netlist for logic optimization
INFO: [Opt 31-138] Pushed 0 inverter(s) to 0 load pin(s).
INFO: [Project 1-111] Unisim Transformation Summary:
No Unisim elements were transformed.

INFO: [Common 17-83] Releasing license: Synthesis
97 Infos, 102 Warnings, 0 Critical Warnings and 0 Errors encountered.
synth_design completed successfully
synth_design: Time (s): cpu = 00:00:37 ; elapsed = 00:00:37 . Memory (MB): peak = 1975.055 ; gain = 922.168 ; free physical = 6359 ; free virtual = 26434
INFO: [Common 17-1381] The checkpoint '/home/yamaguchi/CPU-Emperor/Emperor-core/Emperor-core.runs/design_1_core_top_0_0_synth_1/design_1_core_top_0_0.dcp' has been generated.
INFO: [Coretcl 2-1174] Renamed 4 cell refs.
INFO: [Common 17-1381] The checkpoint '/home/yamaguchi/CPU-Emperor/Emperor-core/Emperor-core.runs/design_1_core_top_0_0_synth_1/design_1_core_top_0_0.dcp' has been generated.
report_utilization: Time (s): cpu = 00:00:00.09 ; elapsed = 00:00:00.11 . Memory (MB): peak = 1999.062 ; gain = 0.000 ; free physical = 6355 ; free virtual = 26434
INFO: [Common 17-206] Exiting Vivado at Wed Dec  6 21:15:10 2017...
