#-----------------------------------------------------------
# xsim v2016.4 (64-bit)
# SW Build 1756540 on Mon Jan 23 19:11:19 MST 2017
# IP Build 1755317 on Mon Jan 23 20:30:07 MST 2017
# Start of session at: Fri Dec  8 22:40:21 2017
# Process ID: 8330
# Current directory: /home/yamaguchi/CPU-Emperor/core/debug
# Command line: xsim -mode tcl -source {xsim.dir/test_fpu.sim/xsim_script.tcl}
# Log file: /home/yamaguchi/CPU-Emperor/core/debug/xsim.log
# Journal file: /home/yamaguchi/CPU-Emperor/core/debug/xsim.jou
#-----------------------------------------------------------
source xsim.dir/test_fpu.sim/xsim_script.tcl
# xsim {test_fpu.sim} -autoloadwcfg -runall
Vivado Simulator 2016.4
Time resolution is 100 ps
run -all
$finish called at time : 0 fs : File "/home/yamaguchi/CPU-Emperor/core/src/test_fpu.v" Line 21
exit
INFO: [Common 17-41] Interrupt caught. Command should exit soon.
INFO: [Common 17-206] Exiting xsim at Fri Dec  8 22:40:28 2017...
